TN:
SF:src\utils.ts
FN:1,(anonymous_0)
FN:2,(anonymous_1)
FN:6,calcCoffeeIngredient
FNF:3
FNH:3
FNDA:1,(anonymous_0)
FNDA:1,(anonymous_1)
FNDA:3,calcCoffeeIngredient
DA:1,1
DA:2,1
DA:3,1
DA:6,1
DA:9,3
DA:10,1
DA:11,1
DA:14,2
DA:15,1
DA:16,1
DA:19,1
LF:11
LH:11
BRDA:6,0,0,3
BRDA:9,1,0,1
BRDA:14,2,0,1
BRF:3
BRH:3
end_of_record
TN:
SF:src\components\TodoList.tsx
FN:3,TodoList
FN:7,(anonymous_1)
FN:13,(anonymous_2)
FN:14,(anonymous_3)
FN:26,(anonymous_4)
FN:33,(anonymous_5)
FN:39,(anonymous_6)
FNF:7
FNH:7
FNDA:27,TodoList
FNDA:3,(anonymous_1)
FNDA:1,(anonymous_2)
FNDA:1,(anonymous_3)
FNDA:20,(anonymous_4)
FNDA:3,(anonymous_5)
FNDA:1,(anonymous_6)
DA:1,1
DA:3,1
DA:4,27
DA:5,27
DA:7,27
DA:8,3
DA:9,3
DA:10,3
DA:13,27
DA:14,1
DA:17,27
DA:26,20
DA:34,3
DA:39,1
LF:14
LH:14
BRF:0
BRH:0
end_of_record
